\BOOKMARK [1][-]{section.1}{Esercitazione 1}{}% 1
\BOOKMARK [2][-]{subsection.1.1}{Esercizio 1}{section.1}% 2
\BOOKMARK [3][-]{subsubsection.1.1.1}{DATI}{subsection.1.1}% 3
\BOOKMARK [3][-]{subsubsection.1.1.2}{File di input}{subsection.1.1}% 4
\BOOKMARK [3][-]{subsubsection.1.1.3}{RISULTATI}{subsection.1.1}% 5
\BOOKMARK [2][-]{subsection.1.2}{Esercizio 2}{section.1}% 6
\BOOKMARK [2][-]{subsection.1.3}{RISULTATI}{section.1}% 7
\BOOKMARK [2][-]{subsection.1.4}{Riflessioni}{section.1}% 8
\BOOKMARK [1][-]{section.2}{Esercitazione 2}{}% 9
\BOOKMARK [2][-]{subsection.2.1}{Dati}{section.2}% 10
\BOOKMARK [2][-]{subsection.2.2}{Frequenze naturali e modi propri di vibrare}{section.2}% 11
\BOOKMARK [2][-]{subsection.2.3}{Grandezze generalizzate}{section.2}% 12
\BOOKMARK [2][-]{subsection.2.4}{Calcolo dei displacement verticali delle quattro masse}{section.2}% 13
\BOOKMARK [2][-]{subsection.2.5}{Accelerazione e carico trasmessi al payload}{section.2}% 14
\BOOKMARK [2][-]{subsection.2.6}{Power Spectral Density dell'accelerazione}{section.2}% 15
\BOOKMARK [1][-]{section.3}{Esercitazione 3 }{}% 16
\BOOKMARK [2][-]{subsection.3.1}{Dati}{section.3}% 17
\BOOKMARK [2][-]{subsection.3.2}{Frequenze naturali e modi propri di vibrare }{section.3}% 18
\BOOKMARK [3][-]{subsubsection.3.2.1}{Laminazione a 90 gradi }{subsection.3.2}% 19
\BOOKMARK [3][-]{subsubsection.3.2.2}{Laminazione a 45 gradi }{subsection.3.2}% 20
\BOOKMARK [2][-]{subsection.3.3}{Deflessione massima con carico di 200 N}{section.3}% 21
